This is pdfTeX, Version 3.14159265-2.6-1.40.18 (TeX Live 2017) (preloaded format=pdflatex 2017.5.23)  8 MAY 2018 04:23
entering extended mode
 restricted \write18 enabled.
 file:line:error style messages enabled.
 %&-line parsing enabled.
**videoregression.tex
(./videoregression.tex
LaTeX2e <2017-04-15>
Babel <3.10> and hyphenation patterns for 84 language(s) loaded.
(/usr/local/texlive/2017/texmf-dist/tex/latex/base/article.cls
Document Class: article 2014/09/29 v1.4h Standard LaTeX document class
(/usr/local/texlive/2017/texmf-dist/tex/latex/base/size10.clo
File: size10.clo 2014/09/29 v1.4h Standard LaTeX file (size option)
)
\c@part=\count79
\c@section=\count80
\c@subsection=\count81
\c@subsubsection=\count82
\c@paragraph=\count83
\c@subparagraph=\count84
\c@figure=\count85
\c@table=\count86
\abovecaptionskip=\skip41
\belowcaptionskip=\skip42
\bibindent=\dimen102
)
(/usr/local/texlive/2017/texmf-dist/tex/latex/amsfonts/amssymb.sty
Package: amssymb 2013/01/14 v3.01 AMS font symbols

(/usr/local/texlive/2017/texmf-dist/tex/latex/amsfonts/amsfonts.sty
Package: amsfonts 2013/01/14 v3.01 Basic AMSFonts support
\@emptytoks=\toks14
\symAMSa=\mathgroup4
\symAMSb=\mathgroup5
LaTeX Font Info:    Overwriting math alphabet `\mathfrak' in version `bold'
(Font)                  U/euf/m/n --> U/euf/b/n on input line 106.
))
(/usr/local/texlive/2017/texmf-dist/tex/latex/amsmath/amsmath.sty
Package: amsmath 2016/11/05 v2.16a AMS math features
\@mathmargin=\skip43

For additional information on amsmath, use the `?' option.
(/usr/local/texlive/2017/texmf-dist/tex/latex/amsmath/amstext.sty
Package: amstext 2000/06/29 v2.01 AMS text

(/usr/local/texlive/2017/texmf-dist/tex/latex/amsmath/amsgen.sty
File: amsgen.sty 1999/11/30 v2.0 generic functions
\@emptytoks=\toks15
\ex@=\dimen103
))
(/usr/local/texlive/2017/texmf-dist/tex/latex/amsmath/amsbsy.sty
Package: amsbsy 1999/11/29 v1.2d Bold Symbols
\pmbraise@=\dimen104
)
(/usr/local/texlive/2017/texmf-dist/tex/latex/amsmath/amsopn.sty
Package: amsopn 2016/03/08 v2.02 operator names
)
\inf@bad=\count87
LaTeX Info: Redefining \frac on input line 213.
\uproot@=\count88
\leftroot@=\count89
LaTeX Info: Redefining \overline on input line 375.
\classnum@=\count90
\DOTSCASE@=\count91
LaTeX Info: Redefining \ldots on input line 472.
LaTeX Info: Redefining \dots on input line 475.
LaTeX Info: Redefining \cdots on input line 596.
\Mathstrutbox@=\box26
\strutbox@=\box27
\big@size=\dimen105
LaTeX Font Info:    Redeclaring font encoding OML on input line 712.
LaTeX Font Info:    Redeclaring font encoding OMS on input line 713.
\macc@depth=\count92
\c@MaxMatrixCols=\count93
\dotsspace@=\muskip10
\c@parentequation=\count94
\dspbrk@lvl=\count95
\tag@help=\toks16
\row@=\count96
\column@=\count97
\maxfields@=\count98
\andhelp@=\toks17
\eqnshift@=\dimen106
\alignsep@=\dimen107
\tagshift@=\dimen108
\tagwidth@=\dimen109
\totwidth@=\dimen110
\lineht@=\dimen111
\@envbody=\toks18
\multlinegap=\skip44
\multlinetaggap=\skip45
\mathdisplay@stack=\toks19
LaTeX Info: Redefining \[ on input line 2817.
LaTeX Info: Redefining \] on input line 2818.
)
(/usr/local/texlive/2017/texmf-dist/tex/latex/setspace/setspace.sty
Package: setspace 2011/12/19 v6.7a set line spacing
)
(/usr/local/texlive/2017/texmf-dist/tex/latex/graphics/graphicx.sty
Package: graphicx 2014/10/28 v1.0g Enhanced LaTeX Graphics (DPC,SPQR)

(/usr/local/texlive/2017/texmf-dist/tex/latex/graphics/keyval.sty
Package: keyval 2014/10/28 v1.15 key=value parser (DPC)
\KV@toks@=\toks20
)
(/usr/local/texlive/2017/texmf-dist/tex/latex/graphics/graphics.sty
Package: graphics 2017/04/14 v1.1b Standard LaTeX Graphics (DPC,SPQR)

(/usr/local/texlive/2017/texmf-dist/tex/latex/graphics/trig.sty
Package: trig 2016/01/03 v1.10 sin cos tan (DPC)
)
(/usr/local/texlive/2017/texmf-dist/tex/latex/graphics-cfg/graphics.cfg
File: graphics.cfg 2016/06/04 v1.11 sample graphics configuration
)
Package graphics Info: Driver file: pdftex.def on input line 99.

(/usr/local/texlive/2017/texmf-dist/tex/latex/graphics-def/pdftex.def
File: pdftex.def 2017/01/12 v0.06k Graphics/color for pdfTeX

(/usr/local/texlive/2017/texmf-dist/tex/generic/oberdiek/infwarerr.sty
Package: infwarerr 2016/05/16 v1.4 Providing info/warning/error messages (HO)
)
(/usr/local/texlive/2017/texmf-dist/tex/generic/oberdiek/ltxcmds.sty
Package: ltxcmds 2016/05/16 v1.23 LaTeX kernel commands for general use (HO)
)
\Gread@gobject=\count99
))
\Gin@req@height=\dimen112
\Gin@req@width=\dimen113
)
(/usr/local/texlive/2017/texmf-dist/tex/latex/algorithms/algorithm.sty
Package: algorithm 2009/08/24 v0.1 Document Style `algorithm' - floating enviro
nment

(/usr/local/texlive/2017/texmf-dist/tex/latex/float/float.sty
Package: float 2001/11/08 v1.3d Float enhancements (AL)
\c@float@type=\count100
\float@exts=\toks21
\float@box=\box28
\@float@everytoks=\toks22
\@floatcapt=\box29
)
(/usr/local/texlive/2017/texmf-dist/tex/latex/base/ifthen.sty
Package: ifthen 2014/09/29 v1.1c Standard LaTeX ifthen package (DPC)
)
\@float@every@algorithm=\toks23
\c@algorithm=\count101
)
(/usr/local/texlive/2017/texmf-dist/tex/latex/algorithmicx/algorithmicx.sty
Package: algorithmicx 2005/04/27 v1.2 Algorithmicx

Document Style algorithmicx 1.2 - a greatly improved `algorithmic' style
\c@ALG@line=\count102
\c@ALG@rem=\count103
\c@ALG@nested=\count104
\ALG@tlm=\skip46
\ALG@thistlm=\skip47
\c@ALG@Lnr=\count105
\c@ALG@blocknr=\count106
\c@ALG@storecount=\count107
\c@ALG@tmpcounter=\count108
\ALG@tmplength=\skip48
) (/usr/local/texlive/2017/texmf-dist/tex/latex/algorithmicx/algpseudocode.sty
Package: algpseudocode 

Document Style - pseudocode environments for use with the `algorithmicx' style
) (/usr/local/texlive/2017/texmf-dist/tex/latex/hyperref/hyperref.sty
Package: hyperref 2017/03/14 v6.85a Hypertext links for LaTeX

(/usr/local/texlive/2017/texmf-dist/tex/generic/oberdiek/hobsub-hyperref.sty
Package: hobsub-hyperref 2016/05/16 v1.14 Bundle oberdiek, subset hyperref (HO)


(/usr/local/texlive/2017/texmf-dist/tex/generic/oberdiek/hobsub-generic.sty
Package: hobsub-generic 2016/05/16 v1.14 Bundle oberdiek, subset generic (HO)
Package: hobsub 2016/05/16 v1.14 Construct package bundles (HO)
Package hobsub Info: Skipping package `infwarerr' (already loaded).
Package hobsub Info: Skipping package `ltxcmds' (already loaded).
Package: ifluatex 2016/05/16 v1.4 Provides the ifluatex switch (HO)
Package ifluatex Info: LuaTeX not detected.
Package: ifvtex 2016/05/16 v1.6 Detect VTeX and its facilities (HO)
Package ifvtex Info: VTeX not detected.
Package: intcalc 2016/05/16 v1.2 Expandable calculations with integers (HO)
Package: ifpdf 2017/03/15 v3.2 Provides the ifpdf switch
Package: etexcmds 2016/05/16 v1.6 Avoid name clashes with e-TeX commands (HO)
Package etexcmds Info: Could not find \expanded.
(etexcmds)             That can mean that you are not using pdfTeX 1.50 or
(etexcmds)             that some package has redefined \expanded.
(etexcmds)             In the latter case, load this package earlier.
Package: kvsetkeys 2016/05/16 v1.17 Key value parser (HO)
Package: kvdefinekeys 2016/05/16 v1.4 Define keys (HO)
Package: pdftexcmds 2017/03/19 v0.25 Utility functions of pdfTeX for LuaTeX (HO
)
Package pdftexcmds Info: LuaTeX not detected.
Package pdftexcmds Info: \pdf@primitive is available.
Package pdftexcmds Info: \pdf@ifprimitive is available.
Package pdftexcmds Info: \pdfdraftmode found.
Package: pdfescape 2016/05/16 v1.14 Implements pdfTeX's escape features (HO)
Package: bigintcalc 2016/05/16 v1.4 Expandable calculations on big integers (HO
)
Package: bitset 2016/05/16 v1.2 Handle bit-vector datatype (HO)
Package: uniquecounter 2016/05/16 v1.3 Provide unlimited unique counter (HO)
)
Package hobsub Info: Skipping package `hobsub' (already loaded).
Package: letltxmacro 2016/05/16 v1.5 Let assignment for LaTeX macros (HO)
Package: hopatch 2016/05/16 v1.3 Wrapper for package hooks (HO)
Package: xcolor-patch 2016/05/16 xcolor patch
Package: atveryend 2016/05/16 v1.9 Hooks at the very end of document (HO)
Package atveryend Info: \enddocument detected (standard20110627).
Package: atbegshi 2016/06/09 v1.18 At begin shipout hook (HO)
Package: refcount 2016/05/16 v3.5 Data extraction from label references (HO)
Package: hycolor 2016/05/16 v1.8 Color options for hyperref/bookmark (HO)
)
(/usr/local/texlive/2017/texmf-dist/tex/generic/ifxetex/ifxetex.sty
Package: ifxetex 2010/09/12 v0.6 Provides ifxetex conditional
)
(/usr/local/texlive/2017/texmf-dist/tex/latex/oberdiek/auxhook.sty
Package: auxhook 2016/05/16 v1.4 Hooks for auxiliary files (HO)
)
(/usr/local/texlive/2017/texmf-dist/tex/latex/oberdiek/kvoptions.sty
Package: kvoptions 2016/05/16 v3.12 Key value format for package options (HO)
)
\@linkdim=\dimen114
\Hy@linkcounter=\count109
\Hy@pagecounter=\count110

(/usr/local/texlive/2017/texmf-dist/tex/latex/hyperref/pd1enc.def
File: pd1enc.def 2017/03/14 v6.85a Hyperref: PDFDocEncoding definition (HO)
)
\Hy@SavedSpaceFactor=\count111

(/usr/local/texlive/2017/texmf-dist/tex/latex/latexconfig/hyperref.cfg
File: hyperref.cfg 2002/06/06 v1.2 hyperref configuration of TeXLive
)
Package hyperref Info: Hyper figures OFF on input line 4498.
Package hyperref Info: Link nesting OFF on input line 4503.
Package hyperref Info: Hyper index ON on input line 4506.
Package hyperref Info: Plain pages OFF on input line 4513.
Package hyperref Info: Backreferencing OFF on input line 4518.
Package hyperref Info: Implicit mode ON; LaTeX internals redefined.
Package hyperref Info: Bookmarks ON on input line 4751.
\c@Hy@tempcnt=\count112

(/usr/local/texlive/2017/texmf-dist/tex/latex/url/url.sty
\Urlmuskip=\muskip11
Package: url 2013/09/16  ver 3.4  Verb mode for urls, etc.
)
LaTeX Info: Redefining \url on input line 5104.
\XeTeXLinkMargin=\dimen115
\Fld@menulength=\count113
\Field@Width=\dimen116
\Fld@charsize=\dimen117
Package hyperref Info: Hyper figures OFF on input line 6358.
Package hyperref Info: Link nesting OFF on input line 6363.
Package hyperref Info: Hyper index ON on input line 6366.
Package hyperref Info: backreferencing OFF on input line 6373.
Package hyperref Info: Link coloring OFF on input line 6378.
Package hyperref Info: Link coloring with OCG OFF on input line 6383.
Package hyperref Info: PDF/A mode OFF on input line 6388.
LaTeX Info: Redefining \ref on input line 6428.
LaTeX Info: Redefining \pageref on input line 6432.
\Hy@abspage=\count114
\c@Item=\count115
\c@Hfootnote=\count116
)

Package hyperref Message: Driver (autodetected): hpdftex.

(/usr/local/texlive/2017/texmf-dist/tex/latex/hyperref/hpdftex.def
File: hpdftex.def 2017/03/14 v6.85a Hyperref driver for pdfTeX
\Fld@listcount=\count117
\c@bookmark@seq@number=\count118

(/usr/local/texlive/2017/texmf-dist/tex/latex/oberdiek/rerunfilecheck.sty
Package: rerunfilecheck 2016/05/16 v1.8 Rerun checks for auxiliary files (HO)
Package uniquecounter Info: New unique counter `rerunfilecheck' on input line 2
82.
)
\Hy@SectionHShift=\skip49
)
Package hyperref Info: Option `colorlinks' set `true' on input line 16.

(./videoregression.aux

LaTeX Warning: Label `fig:distrib' multiply defined.

)
\openout1 = `videoregression.aux'.

LaTeX Font Info:    Checking defaults for OML/cmm/m/it on input line 27.
LaTeX Font Info:    ... okay on input line 27.
LaTeX Font Info:    Checking defaults for T1/cmr/m/n on input line 27.
LaTeX Font Info:    ... okay on input line 27.
LaTeX Font Info:    Checking defaults for OT1/cmr/m/n on input line 27.
LaTeX Font Info:    ... okay on input line 27.
LaTeX Font Info:    Checking defaults for OMS/cmsy/m/n on input line 27.
LaTeX Font Info:    ... okay on input line 27.
LaTeX Font Info:    Checking defaults for OMX/cmex/m/n on input line 27.
LaTeX Font Info:    ... okay on input line 27.
LaTeX Font Info:    Checking defaults for U/cmr/m/n on input line 27.
LaTeX Font Info:    ... okay on input line 27.
LaTeX Font Info:    Checking defaults for PD1/pdf/m/n on input line 27.
LaTeX Font Info:    ... okay on input line 27.
 (/usr/local/texlive/2017/texmf-dist/tex/context/base/mkii/supp-pdf.mkii
[Loading MPS to PDF converter (version 2006.09.02).]
\scratchcounter=\count119
\scratchdimen=\dimen118
\scratchbox=\box30
\nofMPsegments=\count120
\nofMParguments=\count121
\everyMPshowfont=\toks24
\MPscratchCnt=\count122
\MPscratchDim=\dimen119
\MPnumerator=\count123
\makeMPintoPDFobject=\count124
\everyMPtoPDFconversion=\toks25
) (/usr/local/texlive/2017/texmf-dist/tex/latex/oberdiek/epstopdf-base.sty
Package: epstopdf-base 2016/05/15 v2.6 Base part for package epstopdf

(/usr/local/texlive/2017/texmf-dist/tex/latex/oberdiek/grfext.sty
Package: grfext 2016/05/16 v1.2 Manage graphics extensions (HO)
)
Package epstopdf-base Info: Redefining graphics rule for `.eps' on input line 4
38.
Package grfext Info: Graphics extension search list:
(grfext)             [.png,.pdf,.jpg,.mps,.jpeg,.jbig2,.jb2,.PNG,.PDF,.JPG,.JPE
G,.JBIG2,.JB2,.eps]
(grfext)             \AppendGraphicsExtensions on input line 456.

(/usr/local/texlive/2017/texmf-dist/tex/latex/latexconfig/epstopdf-sys.cfg
File: epstopdf-sys.cfg 2010/07/13 v1.3 Configuration of (r)epstopdf for TeX Liv
e
))
\AtBeginShipoutBox=\box31

(/usr/local/texlive/2017/texmf-dist/tex/latex/graphics/color.sty
Package: color 2016/07/10 v1.1e Standard LaTeX Color (DPC)

(/usr/local/texlive/2017/texmf-dist/tex/latex/graphics-cfg/color.cfg
File: color.cfg 2016/01/02 v1.6 sample color configuration
)
Package color Info: Driver file: pdftex.def on input line 147.
)
Package hyperref Info: Link coloring ON on input line 27.

(/usr/local/texlive/2017/texmf-dist/tex/latex/hyperref/nameref.sty
Package: nameref 2016/05/21 v2.44 Cross-referencing by name of section

(/usr/local/texlive/2017/texmf-dist/tex/generic/oberdiek/gettitlestring.sty
Package: gettitlestring 2016/05/16 v1.5 Cleanup title references (HO)
)
\c@section@level=\count125
)
LaTeX Info: Redefining \ref on input line 27.
LaTeX Info: Redefining \pageref on input line 27.
LaTeX Info: Redefining \nameref on input line 27.

(./videoregression.out) (./videoregression.out)
\@outlinefile=\write3
\openout3 = `videoregression.out'.

LaTeX Font Info:    Try loading font information for U+msa on input line 29.

(/usr/local/texlive/2017/texmf-dist/tex/latex/amsfonts/umsa.fd
File: umsa.fd 2013/01/14 v3.01 AMS symbols A
)
LaTeX Font Info:    Try loading font information for U+msb on input line 29.

(/usr/local/texlive/2017/texmf-dist/tex/latex/amsfonts/umsb.fd
File: umsb.fd 2013/01/14 v3.01 AMS symbols B
)
LaTeX Font Info:    Try loading font information for OMS+cmr on input line 29.

(/usr/local/texlive/2017/texmf-dist/tex/latex/base/omscmr.fd
File: omscmr.fd 2014/09/29 v2.5h Standard LaTeX font definitions
)
LaTeX Font Info:    Font shape `OMS/cmr/m/n' in size <6> not available
(Font)              Font shape `OMS/cmsy/m/n' tried instead on input line 29.
 [1

{/usr/local/texlive/2017/texmf-var/fonts/map/pdftex/updmap/pdftex.map}] [2]
<figs/dataset_distrib.pdf, id=79, 433.62pt x 289.08pt>
File: figs/dataset_distrib.pdf Graphic file (type pdf)

<use figs/dataset_distrib.pdf>
Package pdftex.def Info: figs/dataset_distrib.pdf used on input line 65.
(pdftex.def)             Requested size: 241.49895pt x 161.00148pt.
 [3]
<figs/losses.png, id=85, 433.62pt x 289.08pt>
File: figs/losses.png Graphic file (type png)
 <use figs/losses.png>
Package pdftex.def Info: figs/losses.png used on input line 84.
(pdftex.def)             Requested size: 276.00105pt x 184.00926pt.
 [4 <./figs/dataset_distrib.pdf>] [5 <./figs/losses.png>] [6]
Overfull \hbox (1.90802pt too wide) in paragraph at lines 111--112
[]\OT1/cmr/m/n/10 ``Panic Dis-or-der.'' Anx-i-ety and De-pres-sion As-so-ci-a-t
ion of Amer-ica, ADAA,
 []


Overfull \hbox (20.88971pt too wide) in paragraph at lines 116--118
\OT1/cmr/m/n/10 Vi-sion and Pat-tern Recog-ni-tion (CVPR), 2015, doi:10.1109/cv
pr.2015.7298878. 
 []


Overfull \hbox (82.33427pt too wide) in paragraph at lines 120--121
\OT1/cmr/m/n/10 fer-ence on Mul-ti-me-dia & Expo Work-shops (ICMEW), 2017, doi:
10.1109/icmew.2017.8026281. 
 []

Package atveryend Info: Empty hook `BeforeClearDocument' on input line 125.
[7]
Package atveryend Info: Empty hook `AfterLastShipout' on input line 125.
 (./videoregression.aux)
Package atveryend Info: Executing hook `AtVeryEndDocument' on input line 125.
Package atveryend Info: Executing hook `AtEndAfterFileList' on input line 125.
Package rerunfilecheck Info: File `videoregression.out' has not changed.
(rerunfilecheck)             Checksum: BC13E1BF02C2C686D5FFBEDAE5B50768;701.


LaTeX Warning: There were multiply-defined labels.

Package atveryend Info: Empty hook `AtVeryVeryEnd' on input line 125.
 )
(\end occurred inside a group at level 1)

### semi simple group (level 1) entered at line 26 (\begingroup)
### bottom level 
Here is how much of TeX's memory you used:
 6712 strings out of 492995
 96980 string characters out of 6132704
 187513 words of memory out of 5000000
 10141 multiletter control sequences out of 15000+600000
 13383 words of font info for 53 fonts, out of 8000000 for 9000
 1141 hyphenation exceptions out of 8191
 31i,11n,28p,899b,1231s stack positions out of 5000i,500n,10000p,200000b,80000s
</usr/local/texlive/2017/texmf-dist/fonts/type1/public/amsfonts
/cm/cmbx10.pfb></usr/local/texlive/2017/texmf-dist/fonts/type1/public/amsfonts/
cm/cmbx12.pfb></usr/local/texlive/2017/texmf-dist/fonts/type1/public/amsfonts/c
m/cmmi10.pfb></usr/local/texlive/2017/texmf-dist/fonts/type1/public/amsfonts/cm
/cmmi7.pfb></usr/local/texlive/2017/texmf-dist/fonts/type1/public/amsfonts/cm/c
mr10.pfb></usr/local/texlive/2017/texmf-dist/fonts/type1/public/amsfonts/cm/cmr
12.pfb></usr/local/texlive/2017/texmf-dist/fonts/type1/public/amsfonts/cm/cmr17
.pfb></usr/local/texlive/2017/texmf-dist/fonts/type1/public/amsfonts/cm/cmr8.pf
b></usr/local/texlive/2017/texmf-dist/fonts/type1/public/amsfonts/cm/cmsy10.pfb
></usr/local/texlive/2017/texmf-dist/fonts/type1/public/amsfonts/cm/cmsy6.pfb><
/usr/local/texlive/2017/texmf-dist/fonts/type1/public/amsfonts/cm/cmtt10.pfb></
usr/local/texlive/2017/texmf-dist/fonts/type1/public/amsfonts/cm/cmtt9.pfb>
Output written on videoregression.pdf (7 pages, 189077 bytes).
PDF statistics:
 203 PDF objects out of 1000 (max. 8388607)
 149 compressed objects within 2 object streams
 34 named destinations out of 1000 (max. 500000)
 123 words of extra memory for PDF output out of 10000 (max. 10000000)

