epoch,loss,mean_squared_error,val_loss,val_mean_squared_error
0,14290.68625,14290.68625,9718.809193004261,9718.809193004261
1,12534.257298177083,12534.257298177083,8314.916248668324,8314.916248668324
2,10472.325771484375,10472.325771484375,6287.692964727228,6287.692964727228
3,8737.01087890625,8737.01087890625,3501.688656532629,3501.688656532629
4,4271.584477539062,4271.584477539062,2110.6396380568967,2110.6396380568967
5,2883.924489746094,2883.924489746094,1872.0422753420744,1872.0422753420744
6,2722.4317626953125,2722.4317626953125,1909.186109499498,1909.186109499498
7,2390.6795556640627,2390.6795556640627,1965.8343298651955,1965.8343298651955
8,2697.754958496094,2697.754958496094,2071.686640435999,2071.686640435999
9,2367.9919099934896,2367.9919099934896,2061.0477530089292,2061.0477530089292
10,2603.5089404296873,2603.5089404296873,2112.3843583377416,2112.3843583377416
11,2435.292590332031,2435.292590332031,2144.7618937058883,2144.7618937058883
12,2662.222158203125,2662.222158203125,2249.292634330013,2249.292634330013
13,2398.789064534505,2398.789064534505,2408.68122586337,2408.68122586337
14,2474.5006038411457,2474.5006038411457,2407.5004962574353,2407.5004962574353
15,2444.868409830729,2444.868409830729,2485.7799965251575,2485.7799965251575
16,2460.913905436198,2460.913905436198,2600.9501281218095,2600.9501281218095
17,2392.200759277344,2392.200759277344,2617.3109776973724,2617.3109776973724
18,2409.952267252604,2409.952267252604,2731.745910332284,2731.745910332284
19,2471.8192895507814,2471.8192895507814,2830.9655248685317,2830.9655248685317
20,2401.2127197265627,2401.2127197265627,3030.602042024786,3030.602042024786
21,2470.5142838541665,2470.5142838541665,3001.913817839189,3001.913817839189
22,2369.717078450521,2369.717078450521,2860.5274002389474,2860.5274002389474
23,2425.7883374023436,2425.7883374023436,2983.322451201352,2983.322451201352
24,2373.701153971354,2373.701153971354,2996.025461803783,2996.025461803783
25,2439.3031998697916,2439.3031998697916,2984.1742335449567,2984.1742335449567
26,2494.167957356771,2494.167957356771,3034.453677220778,3034.453677220778
27,2248.8263142903647,2248.8263142903647,3152.7375996112823,3152.7375996112823
28,2229.8510498046876,2229.8510498046876,3197.697039289908,3197.697039289908
29,2308.9234594726563,2308.9234594726563,3227.8084230030126,3227.8084230030126
30,2263.6072827148437,2263.6072827148437,3134.955325646834,3134.955325646834
31,2286.1500911458334,2286.1500911458334,3087.6397500471635,3087.6397500471635
32,2292.6009615071616,2292.6009615071616,3140.478556177833,3140.478556177833
33,2197.748327636719,2197.748327636719,3083.8568204316225,3083.8568204316225
34,2288.240018717448,2288.240018717448,3157.6474351503634,3157.6474351503634
35,2544.007041015625,2544.007041015625,3111.263095508922,3111.263095508922
36,2317.565323079427,2317.565323079427,3260.2563567093825,3260.2563567093825
37,2307.001787109375,2307.001787109375,3230.6224607114086,3230.6224607114086
38,2357.437000325521,2357.437000325521,3448.3221340179443,3448.3221340179443
39,2565.354133300781,2565.354133300781,3442.5052891644564,3442.5052891644564
40,2411.0501399739583,2411.0501399739583,3395.27320727435,3395.27320727435
41,2271.027275390625,2271.027275390625,3512.0651326612992,3512.0651326612992
42,2480.7571647135414,2480.7571647135414,3615.4508124264803,3615.4508124264803
43,2212.9498502604165,2212.9498502604165,3576.307943864302,3576.307943864302
44,2220.5434903971354,2220.5434903971354,3722.64845310558,3722.64845310558
45,2410.56078125,2410.56078125,3709.840924349698,3709.840924349698
46,2209.959032389323,2209.959032389323,3646.208875656128,3646.208875656128
47,2372.2575911458334,2372.2575911458334,3829.9583934437146,3829.9583934437146
48,2316.144637451172,2316.144637451172,3806.1549009843307,3806.1549009843307
49,2328.058850911458,2328.058850911458,3712.1290756572375,3712.1290756572375
50,2129.228133138021,2129.228133138021,3775.7236546603117,3775.7236546603117
51,2346.3631640625,2346.3631640625,3685.9673709869385,3685.9673709869385
52,2310.6356070963543,2310.6356070963543,3763.638823595914,3763.638823595914
53,2284.7064217122397,2284.7064217122397,3934.116756092418,3934.116756092418
54,2237.260279947917,2237.260279947917,3905.33410505815,3905.33410505815
55,2166.5536279296875,2166.5536279296875,3932.3990809700704,3932.3990809700704
56,2293.1821736653646,2293.1821736653646,4164.788223743439,4164.788223743439
57,2242.599678548177,2242.599678548177,4144.475560144944,4144.475560144944
58,2284.1268375651043,2284.1268375651043,3990.0961508317428,3990.0961508317428
59,2265.1273860677084,2265.1273860677084,3794.9178158153186,3794.9178158153186
60,2129.644753417969,2129.644753417969,4046.323073733937,4046.323073733937
61,2187.5934741210935,2187.5934741210935,3950.142001065341,3950.142001065341
62,2217.8456022135415,2217.8456022135415,3993.670960296284,3993.670960296284
63,2185.4371508789063,2185.4371508789063,4061.00016004389,4061.00016004389
64,2176.183545735677,2176.183545735677,4199.912221404639,4199.912221404639
65,2042.1850708007812,2042.1850708007812,4268.377654139291,4268.377654139291
66,2203.196687011719,2203.196687011719,4276.9197351648045,4276.9197351648045
67,2044.9770548502604,2044.9770548502604,4290.932151881131,4290.932151881131
68,2348.951075032552,2348.951075032552,4492.85525005514,4492.85525005514
69,2088.642751464844,2088.642751464844,4252.730148694732,4252.730148694732
70,2070.385887044271,2070.385887044271,4229.370647473769,4229.370647473769
71,2086.2340909830727,2086.2340909830727,4147.716764710166,4147.716764710166
72,2008.5873942057292,2008.5873942057292,4246.419038490815,4246.419038490815
73,2078.6462736002604,2078.6462736002604,4361.167803710157,4361.167803710157
74,2172.9179182942707,2172.9179182942707,4349.561189931224,4349.561189931224
75,2035.0739819335938,2035.0739819335938,4496.379744218154,4496.379744218154
76,2135.7454524739583,2135.7454524739583,4365.46369177103,4365.46369177103
77,2066.0422159830728,2066.0422159830728,4461.997931955891,4461.997931955891
78,2180.807643229167,2180.807643229167,4746.459239266135,4746.459239266135
79,2176.0971215820314,2176.0971215820314,4691.950035442005,4691.950035442005
80,2114.261787516276,2114.261787516276,4714.684565197338,4714.684565197338
81,2069.842217610677,2069.842217610677,4641.262536417355,4641.262536417355
82,2034.8009334309895,2034.8009334309895,4698.943997903304,4698.943997903304
83,1980.2622493489582,1980.2622493489582,4577.353569204157,4577.353569204157
84,2194.485662434896,2194.485662434896,4491.766457839446,4491.766457839446
85,2211.2412548828124,2211.2412548828124,4553.240285700018,4553.240285700018
86,2070.117548014323,2070.117548014323,4709.188851876693,4709.188851876693
87,2112.6458658854167,2112.6458658854167,4566.450879118659,4566.450879118659
88,2008.1060115559897,2008.1060115559897,4958.7218636599455,4958.7218636599455
89,2198.0515258789064,2198.0515258789064,5116.4082048589535,5116.4082048589535
90,2169.1263346354167,2169.1263346354167,5028.3517686670475,5028.3517686670475
91,2027.9515388997395,2027.9515388997395,4962.058103214611,4962.058103214611
92,2127.2471858723957,2127.2471858723957,4967.718444997614,4967.718444997614
93,2046.2922192382812,2046.2922192382812,4970.572913083163,4970.572913083163
94,2091.38986328125,2091.38986328125,5116.052599820224,5116.052599820224
95,2146.9505224609375,2146.9505224609375,4982.071234616366,4982.071234616366
96,2149.9907731119793,2149.9907731119793,4861.9743191112175,4861.9743191112175
97,2103.2860978190106,2103.2860978190106,5202.019051638516,5202.019051638516
98,2053.7276407877603,2053.7276407877603,4971.985744823109,4971.985744823109
99,2173.7818212890625,2173.7818212890625,5006.727922092785,5006.727922092785
100,1998.8429630533853,1998.8429630533853,5154.848415894942,5154.848415894942
101,2031.204590657552,2031.204590657552,4859.08049661463,4859.08049661463
102,1975.7491943359375,1975.7491943359375,5078.089475978504,5078.089475978504
103,2066.524970703125,2066.524970703125,4924.6811096884985,4924.6811096884985
104,2152.342539876302,2152.342539876302,5160.0114319541235,5160.0114319541235
105,1949.715242513021,1949.715242513021,5042.483541662043,5042.483541662043
106,1991.1953645833332,1991.1953645833332,4928.270193099976,4928.270193099976
107,2021.3082446289063,2021.3082446289063,4902.297328255393,4902.297328255393
108,2004.8176607259115,2004.8176607259115,4986.362578305331,4986.362578305331
109,2140.5518326822917,2140.5518326822917,5268.258919802579,5268.258919802579
110,1973.0788012695311,1973.0788012695311,5004.3798851533365,5004.3798851533365
111,1984.3269368489584,1984.3269368489584,5290.774154316296,5290.774154316296
112,2030.1266662597657,2030.1266662597657,5118.2057059894905,5118.2057059894905
113,2014.861690266927,2014.861690266927,5114.415917916732,5114.415917916732
114,1914.1207421875,1914.1207421875,5145.111839641224,5145.111839641224
115,1975.5749186197916,1975.5749186197916,5028.287163474343,5028.287163474343
116,2034.6244441731772,2034.6244441731772,4773.446188092232,4773.446188092232
117,1980.951062825521,1980.951062825521,5063.712481412021,5063.712481412021
118,2025.7160286458334,2025.7160286458334,4752.0177749286995,4752.0177749286995
119,2048.7673754882812,2048.7673754882812,4677.133277979764,4677.133277979764
120,1986.1605647786457,1986.1605647786457,4896.3129258589315,4896.3129258589315
121,1950.8264444986978,1950.8264444986978,4885.906980514526,4885.906980514526
122,1976.1541015625,1976.1541015625,4597.912305658514,4597.912305658514
123,2016.9398640950521,2016.9398640950521,4352.792920546098,4352.792920546098
124,2025.104930826823,2025.104930826823,4676.885811661708,4676.885811661708
125,1894.2633406575521,1894.2633406575521,5293.7696370211515,5293.7696370211515
126,2071.365565592448,2071.365565592448,5020.926480726762,5020.926480726762
127,1859.4847794596353,1859.4847794596353,4805.056811577894,4805.056811577894
128,1973.3200854492188,1973.3200854492188,5047.614081296054,5047.614081296054
129,2072.140423990885,2072.140423990885,4942.381522091952,4942.381522091952
130,1995.4369384765625,1995.4369384765625,5166.368404215033,5166.368404215033
131,2027.5006998697916,2027.5006998697916,5217.833180861039,5217.833180861039
132,2031.4686726888021,2031.4686726888021,5387.606810829856,5387.606810829856
133,1993.5409488932291,1993.5409488932291,5064.239367138256,5064.239367138256
134,2006.6265201822916,2006.6265201822916,5115.6174251383,5115.6174251383
135,1931.2666040039062,1931.2666040039062,5010.080445029519,5010.080445029519
136,1907.2294653320312,1907.2294653320312,4514.843980789185,4514.843980789185
137,1829.6341349283855,1829.6341349283855,5165.605378931219,5165.605378931219
138,1976.5315751139324,1976.5315751139324,4795.661556276408,4795.661556276408
139,1907.7010078938802,1907.7010078938802,5007.409990484064,5007.409990484064
140,2019.442557779948,2019.442557779948,5061.4703556407585,5061.4703556407585
141,1970.3571166992188,1970.3571166992188,4870.1369937549935,4870.1369937549935
142,2050.9613704427084,2050.9613704427084,4826.547367616134,4826.547367616134
143,2046.332618815104,2046.332618815104,4741.195025964217,4741.195025964217
144,2116.3819954427086,2116.3819954427086,4431.834363763983,4431.834363763983
145,1977.8105314127604,1977.8105314127604,4893.470048037442,4893.470048037442
146,1932.5781559244792,1932.5781559244792,4764.627019925551,4764.627019925551
147,1914.5220922851563,1914.5220922851563,5299.012039531361,5299.012039531361
148,1945.4536287434896,1945.4536287434896,5135.02925526012,5135.02925526012
149,1880.4350931803385,1880.4350931803385,5257.504994825883,5257.504994825883
150,1943.1846752929687,1943.1846752929687,5254.170692660592,5254.170692660592
151,1968.1953173828124,1968.1953173828124,5263.54608743841,5263.54608743841
152,2104.3553678385415,2104.3553678385415,5210.350215565075,5210.350215565075
153,1929.6505647786457,1929.6505647786457,5308.951728994196,5308.951728994196
154,2024.8994608561197,2024.8994608561197,4209.647219298238,4209.647219298238
155,2066.7201424153645,2066.7201424153645,4856.574811068448,4856.574811068448
156,1918.7965087890625,1918.7965087890625,4749.239092046564,4749.239092046564
157,1994.3310164388022,1994.3310164388022,4769.712675614791,4769.712675614791
158,1944.7007478841147,1944.7007478841147,4658.170050187545,4658.170050187545
159,1978.2965690104168,1978.2965690104168,4872.61522362449,4872.61522362449
160,1909.9317749023437,1909.9317749023437,4767.212063876065,4767.212063876065
161,1868.7545711263022,1868.7545711263022,4898.1958118785515,4898.1958118785515
162,1945.92708984375,1945.92708984375,4774.620094299316,4774.620094299316
163,1903.5814713541668,1903.5814713541668,4988.493559750644,4988.493559750644
164,1857.3937434895834,1857.3937434895834,4903.210347262296,4903.210347262296
165,1890.425526529948,1890.425526529948,4947.145222056995,4947.145222056995
166,1932.5063045247396,1932.5063045247396,4724.986537413163,4724.986537413163
167,1939.2803556315105,1939.2803556315105,4820.436164855957,4820.436164855957
168,1888.861766764323,1888.861766764323,4555.238734158603,4555.238734158603
169,1934.2118758138022,1934.2118758138022,4169.133798170496,4169.133798170496
170,1937.8762231445312,1937.8762231445312,4975.167814081366,4975.167814081366
171,1809.3050846354167,1809.3050846354167,4662.880608298562,4662.880608298562
172,1813.1899894205728,1813.1899894205728,4127.911204034632,4127.911204034632
173,1949.6444380696614,1949.6444380696614,4468.423910661178,4468.423910661178
174,1960.8781477864584,1960.8781477864584,4392.3229997808285,4392.3229997808285
175,1969.91087890625,1969.91087890625,4204.357488805597,4204.357488805597
176,1941.564502766927,1941.564502766927,4539.3410616788,4539.3410616788
177,1974.0811580403645,1974.0811580403645,4083.3272847262297,4083.3272847262297
178,1984.930157063802,1984.930157063802,4904.321488120339,4904.321488120339
179,1895.6949210611979,1895.6949210611979,4584.97231500799,4584.97231500799
180,2033.6380192057293,2033.6380192057293,3270.347739185799,3270.347739185799
181,2027.0695589192708,2027.0695589192708,4759.8096899552775,4759.8096899552775
182,1735.7829239908854,1735.7829239908854,4307.175112637607,4307.175112637607
183,1810.0228645833333,1810.0228645833333,4135.189589673822,4135.189589673822
184,1980.6700528971355,1980.6700528971355,4114.168057615107,4114.168057615107
185,1908.5886303710938,1908.5886303710938,4010.136431954124,4010.136431954124
186,1797.8892342122397,1797.8892342122397,3742.3166907050395,3742.3166907050395
187,1929.889813639323,1929.889813639323,3502.6014240058985,3502.6014240058985
188,1769.8876676432292,1769.8876676432292,3680.898231051185,3680.898231051185
189,1947.5806372070313,1947.5806372070313,3787.088391455737,3787.088391455737
190,1843.9574584960938,1843.9574584960938,4163.973887339234,4163.973887339234
191,1803.2140600585938,1803.2140600585938,3612.3332790027966,3612.3332790027966
192,1888.3548828125,1888.3548828125,3481.154854514382,3481.154854514382
193,1958.354989013672,1958.354989013672,4270.650229172273,4270.650229172273
194,1867.5780151367187,1867.5780151367187,4355.458806731484,4355.458806731484
195,1822.0144401041666,1822.0144401041666,3044.599840771068,3044.599840771068
196,1798.4828434244791,1798.4828434244791,4156.87105551633,4156.87105551633
197,1836.8045357259114,1836.8045357259114,5105.694827513261,5105.694827513261
198,1865.4561962890625,1865.4561962890625,4071.5190742666073,4071.5190742666073
199,1950.9457576497396,1950.9457576497396,3346.980819095265,3346.980819095265
200,1933.4923014322917,1933.4923014322917,4298.401522549716,4298.401522549716
201,1676.6568290201824,1676.6568290201824,3894.695651661266,3894.695651661266
202,1924.559685872396,1924.559685872396,3062.7407079393215,3062.7407079393215
203,1781.9250659179688,1781.9250659179688,3583.310104716908,3583.310104716908
204,1987.3591463216146,1987.3591463216146,3610.587472482161,3610.587472482161
205,1909.1402978515625,1909.1402978515625,4096.624001064084,4096.624001064084
206,1865.4034155273437,1865.4034155273437,3849.574173667214,3849.574173667214
207,1800.0271134440104,1800.0271134440104,3226.4080760262227,3226.4080760262227
208,1775.8655314127604,1775.8655314127604,3810.1514174721456,3810.1514174721456
209,1912.5972200520832,1912.5972200520832,4273.902636192061,4273.902636192061
210,1759.2641674804688,1759.2641674804688,3885.991957924583,3885.991957924583
211,1954.7664436848959,1954.7664436848959,3801.19871859117,3801.19871859117
212,1966.2407690429689,1966.2407690429689,3745.8731481378727,3745.8731481378727
213,1824.06154296875,1824.06154296875,4044.826380469582,4044.826380469582
214,1757.8307067871094,1757.8307067871094,3316.354533282193,3316.354533282193
215,1953.8540763346355,1953.8540763346355,3955.224246631969,3955.224246631969
216,1812.2603653971355,1812.2603653971355,4042.7633049704814,4042.7633049704814
217,1952.4250756835938,1952.4250756835938,3694.325917854905,3694.325917854905
218,1956.731903483073,1956.731903483073,3774.014915553006,3774.014915553006
219,1819.6676318359375,1819.6676318359375,3535.5072610838847,3535.5072610838847
220,1698.026730143229,1698.026730143229,4522.049772943963,4522.049772943963
221,1855.4765299479166,1855.4765299479166,3891.348762685602,3891.348762685602
222,1867.587646484375,1867.587646484375,3855.6222322637386,3855.6222322637386
223,1866.2713403320313,1866.2713403320313,2977.8506823453035,2977.8506823453035
224,1873.141766764323,1873.141766764323,3556.2608673355794,3556.2608673355794
225,1930.994570719401,1930.994570719401,3154.795154658231,3154.795154658231
226,1803.1073120117187,1803.1073120117187,3786.259937286377,3786.259937286377
227,1779.4319759114583,1779.4319759114583,4264.951562057842,4264.951562057842
228,1878.6714436848958,1878.6714436848958,3483.7884632240643,3483.7884632240643
229,1731.4337581380207,1731.4337581380207,3787.648650776256,3787.648650776256
230,1885.5799934895833,1885.5799934895833,3619.676307071339,3619.676307071339
231,1805.7327465820313,1805.7327465820313,4688.016420884566,4688.016420884566
232,1746.282285970052,1746.282285970052,3230.9962610764937,3230.9962610764937
233,1701.0174816894532,1701.0174816894532,3933.416229941628,3933.416229941628
234,1716.297763264974,1716.297763264974,3580.927352005785,3580.927352005785
235,1862.448103841146,1862.448103841146,3659.976744218306,3659.976744218306
236,1786.7784220377605,1786.7784220377605,3624.3547016815705,3624.3547016815705
237,1851.3082299804687,1851.3082299804687,3911.107855016535,3911.107855016535
238,1775.0528955078125,1775.0528955078125,3514.078598542647,3514.078598542647
239,1857.319464518229,1857.319464518229,2977.503214088353,2977.503214088353
240,1783.2859680175782,1783.2859680175782,3271.1649408340454,3271.1649408340454
241,1674.825459798177,1674.825459798177,3060.682875546542,3060.682875546542
242,1865.5352600097656,1865.5352600097656,3563.786413366144,3563.786413366144
243,1910.2772867838542,1910.2772867838542,3241.1683523004704,3241.1683523004704
244,1880.8660913085937,1880.8660913085937,3700.606217471036,3700.606217471036
245,1831.905419108073,1831.905419108073,3572.8405182144857,3572.8405182144857
246,1815.6811442057292,1815.6811442057292,3361.600245670839,3361.600245670839
247,1855.1911287434896,1855.1911287434896,3586.782657281919,3586.782657281919
248,1783.7423844401042,1783.7423844401042,3753.251847939058,3753.251847939058
249,1823.0163704427084,1823.0163704427084,3812.716745549982,3812.716745549982
250,1723.399110514323,1723.399110514323,3657.5486635728316,3657.5486635728316
251,1784.1404418945312,1784.1404418945312,3780.7230023470793,3780.7230023470793
252,1895.0163102213542,1895.0163102213542,3358.141040108421,3358.141040108421
253,1780.1613557942708,1780.1613557942708,3812.6448790810323,3812.6448790810323
254,1977.8438802083333,1977.8438802083333,3628.625570123846,3628.625570123846
255,1784.628809000651,1784.628809000651,2854.5098746039653,2854.5098746039653
256,1850.0561360677084,1850.0561360677084,3029.7502743114123,3029.7502743114123
257,1985.1088126627603,1985.1088126627603,4321.774463480169,4321.774463480169
258,1993.06306640625,1993.06306640625,3305.508556669409,3305.508556669409
259,1764.5080721028646,1764.5080721028646,3391.603605703874,3391.603605703874
260,1711.8115861002605,1711.8115861002605,3313.725916152651,3313.725916152651
261,1891.5912158203125,1891.5912158203125,3980.055280598727,3980.055280598727
262,1839.9848551432292,1839.9848551432292,3254.26669728485,3254.26669728485
263,1840.4398844401042,1840.4398844401042,3589.795074722984,3589.795074722984
264,1787.5461889648439,1787.5461889648439,3451.376215451651,3451.376215451651
265,1664.8027799479166,1664.8027799479166,3937.322727029974,3937.322727029974
266,1807.9194596354166,1807.9194596354166,3083.0687219012866,3083.0687219012866
267,1990.69357421875,1990.69357421875,2901.627989422191,2901.627989422191
268,1779.2962438964844,1779.2962438964844,3681.6586832566695,3681.6586832566695
269,1807.8941821289063,1807.8941821289063,3642.5610240020537,3642.5610240020537
270,1819.0742903645832,1819.0742903645832,3995.85622215271,3995.85622215271
271,1836.2391650390625,1836.2391650390625,2534.7925415039062,2534.7925415039062
272,1863.631084798177,1863.631084798177,3893.196610710838,3893.196610710838
273,1769.0764379882812,1769.0764379882812,3427.069875910878,3427.069875910878
274,1793.0981827799478,1793.0981827799478,3351.580329136415,3351.580329136415
275,1831.4019466145833,1831.4019466145833,3389.502450422807,3389.502450422807
276,1743.962313639323,1743.962313639323,3621.62946917794,3621.62946917794
277,1764.9200325520833,1764.9200325520833,3362.1990441409025,3362.1990441409025
278,1775.4225740559896,1775.4225740559896,3628.1984298473053,3628.1984298473053
279,1763.2990653483073,1763.2990653483073,4331.5008811408825,4331.5008811408825
280,1717.2336645507812,1717.2336645507812,3299.8222573020244,3299.8222573020244
281,1787.1655830891928,1787.1655830891928,3418.5402272858405,3418.5402272858405
282,1736.71486328125,1736.71486328125,3337.2945336428556,3337.2945336428556
283,1842.379375813802,1842.379375813802,3272.1398455879903,3272.1398455879903
284,1815.113867594401,1815.113867594401,3765.7253955494275,3765.7253955494275
285,1814.8626049804689,1814.8626049804689,3410.3935260339217,3410.3935260339217
286,1757.0095926920574,1757.0095926920574,4242.515264034271,4242.515264034271
287,1987.4276501464844,1987.4276501464844,3511.55270468105,3511.55270468105
288,1783.0540519205729,1783.0540519205729,3493.7241133912044,3493.7241133912044
289,1855.8658544921875,1855.8658544921875,3728.6066192280164,3728.6066192280164
290,1742.5435131835939,1742.5435131835939,3167.0913784720683,3167.0913784720683
291,1846.468046875,1846.468046875,3485.2451587156816,3485.2451587156816
292,1894.8219303385417,1894.8219303385417,2989.112949544733,2989.112949544733
293,1687.7706315104167,1687.7706315104167,3434.6292629025197,3434.6292629025197
294,1861.6698754882811,1861.6698754882811,3269.662543123419,3269.662543123419
295,1674.016660563151,1674.016660563151,3244.150126023726,3244.150126023726
296,1877.4177604166666,1877.4177604166666,2873.8671897107906,2873.8671897107906
297,1830.4706066894532,1830.4706066894532,3208.098204872825,3208.098204872825
298,1682.9594498697916,1682.9594498697916,2888.4914251674304,2888.4914251674304
299,1794.567626953125,1794.567626953125,3101.8950033621354,3101.8950033621354
300,1797.3248514811198,1797.3248514811198,3294.0491365952926,3294.0491365952926
301,1782.9783081054688,1782.9783081054688,2808.88957231695,2808.88957231695
302,1783.5313415527344,1783.5313415527344,3076.2292693745007,3076.2292693745007
303,1892.2495971679687,1892.2495971679687,3363.20840215683,3363.20840215683
304,1766.0263749186197,1766.0263749186197,3368.287152377042,3368.287152377042
305,1796.039061686198,1796.039061686198,3410.8054474917326,3410.8054474917326
306,1804.9237141927083,1804.9237141927083,3456.6925892396407,3456.6925892396407
307,1748.6525907389323,1748.6525907389323,3228.2352988503194,3228.2352988503194
308,1601.3623435465495,1601.3623435465495,3397.074398907748,3397.074398907748
309,1757.780264892578,1757.780264892578,3511.4149531884627,3511.4149531884627
310,1839.4177848307293,1839.4177848307293,3420.9480413957076,3420.9480413957076
311,1841.7518009440105,1841.7518009440105,3307.812313079834,3307.812313079834
312,1824.2478942871094,1824.2478942871094,2461.361697630449,2461.361697630449
313,1791.90740234375,1791.90740234375,3041.237403002652,3041.237403002652
314,1932.7809879557292,1932.7809879557292,2641.0127792846074,2641.0127792846074
315,1864.6442553710938,1864.6442553710938,3367.6869557120585,3367.6869557120585
316,1954.242265625,1954.242265625,3229.9431842457166,3229.9431842457166
317,1753.986590983073,1753.986590983073,3340.0973933826795,3340.0973933826795
318,1770.271903483073,1770.271903483073,3353.3289238322864,3353.3289238322864
319,1681.0844427490235,1681.0844427490235,3205.1223279779606,3205.1223279779606
320,1849.1837333170572,1849.1837333170572,3417.673865925182,3417.673865925182
321,1751.175437825521,1751.175437825521,3441.685511935841,3441.685511935841
322,1769.3850708007812,1769.3850708007812,3515.4770181612535,3515.4770181612535
323,1808.3778784179688,1808.3778784179688,3245.9358755024996,3245.9358755024996
324,1753.548348388672,1753.548348388672,3127.7311201962557,3127.7311201962557
325,1747.679306640625,1747.679306640625,2998.7591353329744,2998.7591353329744
326,1859.502412109375,1859.502412109375,3348.817478093234,3348.817478093234
327,1854.563095703125,1854.563095703125,3451.4399779168043,3451.4399779168043
328,1695.223787434896,1695.223787434896,2999.0634573156185,2999.0634573156185
329,1790.2971700032551,1790.2971700032551,2303.5269555178556,2303.5269555178556
330,1794.3833024088542,1794.3833024088542,3177.233211517334,3177.233211517334
331,1763.376903483073,1763.376903483073,3235.093396620317,3235.093396620317
332,1791.2829089355469,1791.2829089355469,3339.1765852841463,3339.1765852841463
333,1834.3257779947917,1834.3257779947917,3171.4900547374377,3171.4900547374377
334,1732.8956477864583,1732.8956477864583,3490.3529151786456,3490.3529151786456
335,1826.5641227213541,1826.5641227213541,3653.31652763833,3653.31652763833
336,1783.8327278645834,1783.8327278645834,3165.4246079704976,3165.4246079704976
337,1863.3842944335938,1863.3842944335938,3213.4008226286282,3213.4008226286282
338,1904.716815592448,1904.716815592448,3166.9830218228426,3166.9830218228426
339,1825.5067431640625,1825.5067431640625,3681.361323963512,3681.361323963512
340,1857.8020890299479,1857.8020890299479,3416.9634490013123,3416.9634490013123
341,1776.7347696940103,1776.7347696940103,3470.44871451638,3470.44871451638
342,1837.2343924967447,1837.2343924967447,3262.4053646434436,3262.4053646434436
343,1852.8568090820313,1852.8568090820313,3524.2995365749707,3524.2995365749707
344,1930.9137508138022,1930.9137508138022,3385.3539390563965,3385.3539390563965
345,1814.6347005208333,1814.6347005208333,3215.4149081490255,3215.4149081490255
346,1793.3811873372397,1793.3811873372397,3109.8676904331555,3109.8676904331555
347,1787.1745548502604,1787.1745548502604,3471.5615745891223,3471.5615745891223
348,1732.2209794108073,1732.2209794108073,3260.058002645319,3260.058002645319
349,1688.0658182779948,1688.0658182779948,3246.0631141662598,3246.0631141662598
350,1643.331687825521,1643.331687825521,3114.856050838124,3114.856050838124
351,1740.9985904947916,1740.9985904947916,2914.90234375,2914.90234375
352,1794.1665445963542,1794.1665445963542,3117.283799604936,3117.283799604936
353,1827.4522721354167,1827.4522721354167,3120.59037399292,3120.59037399292
354,1791.1324983723957,1791.1324983723957,3177.37627991763,3177.37627991763
355,1711.9175423177082,1711.9175423177082,2709.807045286352,2709.807045286352
356,1894.8392529296875,1894.8392529296875,3263.9642181396484,3263.9642181396484
357,1631.2864278157551,1631.2864278157551,2429.6390280290084,2429.6390280290084
358,1752.7032934570314,1752.7032934570314,3257.0374911915173,3257.0374911915173
359,1744.7637719726563,1744.7637719726563,3346.2659700567074,3346.2659700567074
360,1766.8483308919272,1766.8483308919272,3446.8651454231954,3446.8651454231954
361,1862.3076318359374,1862.3076318359374,3500.6822621172123,3500.6822621172123
362,1796.9957096354167,1796.9957096354167,3176.331195831299,3176.331195831299
363,1731.237743326823,1731.237743326823,3105.306277361783,3105.306277361783
364,1740.9656005859374,1740.9656005859374,2715.894854196093,2715.894854196093
365,1673.0625703938802,1673.0625703938802,3355.6903579235077,3355.6903579235077
366,1756.9046647135417,1756.9046647135417,3035.5526163578033,3035.5526163578033
367,1867.7392655436197,1867.7392655436197,3173.6980613361707,3173.6980613361707
368,1893.1781697591146,1893.1781697591146,3189.5194873809814,3189.5194873809814
369,1803.6411279296874,1803.6411279296874,3155.163733915849,3155.163733915849
370,1771.9588366699218,1771.9588366699218,3367.9764622558246,3367.9764622558246
371,1776.4973701985678,1776.4973701985678,3453.33342513713,3453.33342513713
372,1872.028934733073,1872.028934733073,3500.7795393250203,3500.7795393250203
373,1817.1257796223958,1817.1257796223958,3279.470329804854,3279.470329804854
374,1871.380057779948,1871.380057779948,3453.569249239835,3453.569249239835
375,1786.5810778808593,1786.5810778808593,2904.740615389564,2904.740615389564
376,1795.6966455078125,1795.6966455078125,2956.1177196502686,2956.1177196502686
377,1769.9265079752604,1769.9265079752604,3467.4170021468944,3467.4170021468944
378,1840.1634342447917,1840.1634342447917,3184.9560267708516,3184.9560267708516
379,1778.518779296875,1778.518779296875,3263.3796456076884,3263.3796456076884
380,1729.3163810221354,1729.3163810221354,3206.436475753784,3206.436475753784
381,1756.2978751627604,1756.2978751627604,3185.340782512318,3185.340782512318
382,1797.0102115885418,1797.0102115885418,3471.776953783902,3471.776953783902
383,1773.7939176432292,1773.7939176432292,3690.250051390041,3690.250051390041
384,1782.2657877604167,1782.2657877604167,3326.2043203007092,3326.2043203007092
385,1668.0058561197916,1668.0058561197916,3364.81820193204,3364.81820193204
386,1788.978194580078,1788.978194580078,3413.9691509767013,3413.9691509767013
387,1813.8650109863281,1813.8650109863281,3143.274819980968,3143.274819980968
388,1733.0287068684895,1733.0287068684895,3287.4873809814453,3287.4873809814453
389,1724.3195426432292,1724.3195426432292,3476.9186072783036,3476.9186072783036
390,1725.397325032552,1725.397325032552,3052.178627360951,3052.178627360951
391,1815.5788126627604,1815.5788126627604,3482.7188891931014,3482.7188891931014
392,1783.6202465820313,1783.6202465820313,3287.174893465909,3287.174893465909
393,1810.2625358072917,1810.2625358072917,3121.935465812683,3121.935465812683
394,1675.6764701334635,1675.6764701334635,3396.2213591228833,3396.2213591228833
395,1738.7223201497395,1738.7223201497395,3131.5014936273747,3131.5014936273747
396,1823.7869592285156,1823.7869592285156,3284.9933397119694,3284.9933397119694
397,1873.2854443359374,1873.2854443359374,2729.7515576057644,2729.7515576057644
398,1799.6465804036459,1799.6465804036459,3111.7111758752303,3111.7111758752303
399,1800.5589689127605,1800.5589689127605,3196.1990941221065,3196.1990941221065
